<?xml version="1.0" encoding="UTF-8"?>
<testng-results skipped="0" failed="0" total="1" passed="1">
  <reporter-output>
  </reporter-output>
  <suite name="Default suite" duration-ms="191138" started-at="2018-01-05T08:54:54Z" finished-at="2018-01-05T08:58:05Z">
    <groups>
    </groups>
    <test name="Default test" duration-ms="191138" started-at="2018-01-05T08:54:54Z" finished-at="2018-01-05T08:58:05Z">
      <class name="retailweb_testCases.AAT_PP_14_KaplanHomePage">
        <test-method status="PASS" signature="beforeSuite()[pri:0, instance:retailweb_testCases.AAT_PP_14_KaplanHomePage@1f28c152]" name="beforeSuite" is-config="true" duration-ms="408" started-at="2018-01-05T08:54:54Z" finished-at="2018-01-05T08:54:54Z">
          <reporter-output>
          </reporter-output>
        </test-method> <!-- beforeSuite -->
        <test-method status="PASS" signature="beforeTest()[pri:0, instance:retailweb_testCases.AAT_PP_14_KaplanHomePage@1f28c152]" name="beforeTest" is-config="true" duration-ms="3" started-at="2018-01-05T08:54:54Z" finished-at="2018-01-05T08:54:54Z">
          <reporter-output>
          </reporter-output>
        </test-method> <!-- beforeTest -->
        <test-method status="PASS" signature="setData()[pri:0, instance:retailweb_testCases.AAT_PP_14_KaplanHomePage@1f28c152]" name="setData" is-config="true" duration-ms="0" started-at="2018-01-05T08:54:54Z" finished-at="2018-01-05T08:54:54Z">
          <reporter-output>
          </reporter-output>
        </test-method> <!-- setData -->
        <test-method status="PASS" signature="beforeMethod()[pri:0, instance:retailweb_testCases.AAT_PP_14_KaplanHomePage@1f28c152]" name="beforeMethod" is-config="true" duration-ms="13640" started-at="2018-01-05T08:54:55Z" finished-at="2018-01-05T08:55:09Z">
          <reporter-output>
          </reporter-output>
        </test-method> <!-- beforeMethod -->
        <test-method status="PASS" signature="KaplanHomePage_AAT_PP_14(java.lang.String, java.lang.String, java.lang.String, java.lang.String)[pri:0, instance:retailweb_testCases.AAT_PP_14_KaplanHomePage@1f28c152]" name="KaplanHomePage_AAT_PP_14" duration-ms="176185" started-at="2018-01-05T08:55:09Z" data-provider="fetchData" finished-at="2018-01-05T08:58:05Z">
          <params>
            <param index="0">
              <value>
                <![CDATA[addabook50@mail.com]]>
              </value>
            </param>
            <param index="1">
              <value>
                <![CDATA[Password1234]]>
              </value>
            </param>
            <param index="2">
              <value>
                <![CDATA[divya.suravarjula@gmail.com]]>
              </value>
            </param>
            <param index="3">
              <value>
                <![CDATA[divvy269]]>
              </value>
            </param>
          </params>
          <reporter-output>
          </reporter-output>
        </test-method> <!-- KaplanHomePage_AAT_PP_14 -->
        <test-method status="PASS" signature="afterMethod()[pri:0, instance:retailweb_testCases.AAT_PP_14_KaplanHomePage@1f28c152]" name="afterMethod" is-config="true" duration-ms="9" started-at="2018-01-05T08:58:05Z" finished-at="2018-01-05T08:58:05Z">
          <reporter-output>
          </reporter-output>
        </test-method> <!-- afterMethod -->
        <test-method status="PASS" signature="afterTest()[pri:0, instance:retailweb_testCases.AAT_PP_14_KaplanHomePage@1f28c152]" name="afterTest" is-config="true" duration-ms="0" started-at="2018-01-05T08:58:05Z" finished-at="2018-01-05T08:58:05Z">
          <reporter-output>
          </reporter-output>
        </test-method> <!-- afterTest -->
        <test-method status="PASS" signature="afterSuite()[pri:0, instance:retailweb_testCases.AAT_PP_14_KaplanHomePage@1f28c152]" name="afterSuite" is-config="true" duration-ms="835" started-at="2018-01-05T08:58:05Z" finished-at="2018-01-05T08:58:06Z">
          <reporter-output>
          </reporter-output>
        </test-method> <!-- afterSuite -->
      </class> <!-- retailweb_testCases.AAT_PP_14_KaplanHomePage -->
    </test> <!-- Default test -->
  </suite> <!-- Default suite -->
</testng-results>
